C:\USERS\HP\DOCUMENTS\VISUAL STUDIO 2010\PROJECTS\SORTPLUS\DEBUG\SORTPLUS.EXE
C:\USERS\HP\DOCUMENTS\VISUAL STUDIO 2010\PROJECTS\SORTPLUS\DEBUG\SORTPLUS.ILK
C:\USERS\HP\DOCUMENTS\VISUAL STUDIO 2010\PROJECTS\SORTPLUS\DEBUG\SORTPLUS.PDB
C:\Users\Hp\documents\visual studio 2010\Projects\SortPlus\SortPlus\Debug\cl.command.1.tlog
C:\Users\Hp\documents\visual studio 2010\Projects\SortPlus\SortPlus\Debug\CL.read.1.tlog
C:\Users\Hp\documents\visual studio 2010\Projects\SortPlus\SortPlus\Debug\CL.write.1.tlog
C:\Users\Hp\documents\visual studio 2010\Projects\SortPlus\SortPlus\Debug\link.14320.read.1.tlog
C:\Users\Hp\documents\visual studio 2010\Projects\SortPlus\SortPlus\Debug\link.14320.write.1.tlog
C:\Users\Hp\documents\visual studio 2010\Projects\SortPlus\SortPlus\Debug\link.14320-cvtres.read.1.tlog
C:\Users\Hp\documents\visual studio 2010\Projects\SortPlus\SortPlus\Debug\link.14320-cvtres.write.1.tlog
C:\Users\Hp\documents\visual studio 2010\Projects\SortPlus\SortPlus\Debug\link.15592.read.1.tlog
C:\Users\Hp\documents\visual studio 2010\Projects\SortPlus\SortPlus\Debug\link.15592.write.1.tlog
C:\Users\Hp\documents\visual studio 2010\Projects\SortPlus\SortPlus\Debug\link.15592-cvtres.read.1.tlog
C:\Users\Hp\documents\visual studio 2010\Projects\SortPlus\SortPlus\Debug\link.15592-cvtres.write.1.tlog
C:\Users\Hp\documents\visual studio 2010\Projects\SortPlus\SortPlus\Debug\link.4416.read.1.tlog
C:\Users\Hp\documents\visual studio 2010\Projects\SortPlus\SortPlus\Debug\link.4416.write.1.tlog
C:\Users\Hp\documents\visual studio 2010\Projects\SortPlus\SortPlus\Debug\link.4416-cvtres.read.1.tlog
C:\Users\Hp\documents\visual studio 2010\Projects\SortPlus\SortPlus\Debug\link.4416-cvtres.write.1.tlog
C:\Users\Hp\documents\visual studio 2010\Projects\SortPlus\SortPlus\Debug\link.6444.read.1.tlog
C:\Users\Hp\documents\visual studio 2010\Projects\SortPlus\SortPlus\Debug\link.6444.write.1.tlog
C:\Users\Hp\documents\visual studio 2010\Projects\SortPlus\SortPlus\Debug\link.6444-cvtres.read.1.tlog
C:\Users\Hp\documents\visual studio 2010\Projects\SortPlus\SortPlus\Debug\link.6444-cvtres.write.1.tlog
C:\Users\Hp\documents\visual studio 2010\Projects\SortPlus\SortPlus\Debug\link.6712.read.1.tlog
C:\Users\Hp\documents\visual studio 2010\Projects\SortPlus\SortPlus\Debug\link.6712.write.1.tlog
C:\Users\Hp\documents\visual studio 2010\Projects\SortPlus\SortPlus\Debug\link.6712-cvtres.read.1.tlog
C:\Users\Hp\documents\visual studio 2010\Projects\SortPlus\SortPlus\Debug\link.6712-cvtres.write.1.tlog
C:\Users\Hp\documents\visual studio 2010\Projects\SortPlus\SortPlus\Debug\link.8184.read.1.tlog
C:\Users\Hp\documents\visual studio 2010\Projects\SortPlus\SortPlus\Debug\link.8184.write.1.tlog
C:\Users\Hp\documents\visual studio 2010\Projects\SortPlus\SortPlus\Debug\link.8184-cvtres.read.1.tlog
C:\Users\Hp\documents\visual studio 2010\Projects\SortPlus\SortPlus\Debug\link.8184-cvtres.write.1.tlog
C:\Users\Hp\documents\visual studio 2010\Projects\SortPlus\SortPlus\Debug\link.8836.read.1.tlog
C:\Users\Hp\documents\visual studio 2010\Projects\SortPlus\SortPlus\Debug\link.8836.write.1.tlog
C:\Users\Hp\documents\visual studio 2010\Projects\SortPlus\SortPlus\Debug\link.8836-cvtres.read.1.tlog
C:\Users\Hp\documents\visual studio 2010\Projects\SortPlus\SortPlus\Debug\link.8836-cvtres.write.1.tlog
C:\Users\Hp\documents\visual studio 2010\Projects\SortPlus\SortPlus\Debug\link.command.1.tlog
C:\Users\Hp\documents\visual studio 2010\Projects\SortPlus\SortPlus\Debug\link.read.1.tlog
C:\Users\Hp\documents\visual studio 2010\Projects\SortPlus\SortPlus\Debug\link.write.1.tlog
C:\Users\Hp\documents\visual studio 2010\Projects\SortPlus\SortPlus\Debug\link-cvtres.read.1.tlog
C:\Users\Hp\documents\visual studio 2010\Projects\SortPlus\SortPlus\Debug\link-cvtres.write.1.tlog
C:\Users\Hp\documents\visual studio 2010\Projects\SortPlus\SortPlus\Debug\mt.command.1.tlog
C:\Users\Hp\documents\visual studio 2010\Projects\SortPlus\SortPlus\Debug\mt.read.1.tlog
C:\Users\Hp\documents\visual studio 2010\Projects\SortPlus\SortPlus\Debug\mt.write.1.tlog
C:\Users\Hp\documents\visual studio 2010\Projects\SortPlus\SortPlus\Debug\rc.command.1.tlog
C:\Users\Hp\documents\visual studio 2010\Projects\SortPlus\SortPlus\Debug\rc.read.1.tlog
C:\Users\Hp\documents\visual studio 2010\Projects\SortPlus\SortPlus\Debug\rc.write.1.tlog
C:\USERS\HP\DOCUMENTS\VISUAL STUDIO 2010\PROJECTS\SORTPLUS\SORTPLUS\DEBUG\SORTPLUS.EXE.EMBED.MANIFEST
C:\USERS\HP\DOCUMENTS\VISUAL STUDIO 2010\PROJECTS\SORTPLUS\SORTPLUS\DEBUG\SORTPLUS.EXE.EMBED.MANIFEST.RES
C:\USERS\HP\DOCUMENTS\VISUAL STUDIO 2010\PROJECTS\SORTPLUS\SORTPLUS\DEBUG\SORTPLUS.EXE.INTERMEDIATE.MANIFEST
C:\USERS\HP\DOCUMENTS\VISUAL STUDIO 2010\PROJECTS\SORTPLUS\SORTPLUS\DEBUG\SORTPLUS.OBJ
C:\Users\Hp\documents\visual studio 2010\Projects\SortPlus\SortPlus\Debug\SortPlus.vcxprojResolveAssemblyReference.cache
C:\Users\Hp\documents\visual studio 2010\Projects\SortPlus\SortPlus\Debug\SortPlus.write.1.tlog
C:\Users\Hp\documents\visual studio 2010\Projects\SortPlus\SortPlus\Debug\SortPlus_manifest.rc
C:\Users\Hp\documents\visual studio 2010\Projects\SortPlus\SortPlus\Debug\vc100.idb
C:\USERS\HP\DOCUMENTS\VISUAL STUDIO 2010\PROJECTS\SORTPLUS\SORTPLUS\DEBUG\VC100.PDB
