Build started 10/19/2013 7:49:44 PM.
     1>Project "C:\Users\Hp\documents\visual studio 2010\Projects\SortPlus\SortPlus\SortPlus.vcxproj" on node 2 (build target(s)).
     1>InitializeBuildStatus:
         Creating "Debug\SortPlus.unsuccessfulbuild" because "AlwaysCreate" was specified.
       ClCompile:
         C:\Program Files\Microsoft Visual Studio 10.0\VC\bin\CL.exe /c /ZI /nologo /W3 /WX- /Od /Oy- /D WIN32 /D _DEBUG /D _CONSOLE /D _UNICODE /D UNICODE /Gm /EHsc /RTC1 /MDd /GS /fp:precise /Zc:wchar_t /Zc:forScope /Fo"Debug\\" /Fd"Debug\vc100.pdb" /Gd /TP /analyze- /errorReport:prompt sortPlus.cpp
         sortPlus.cpp
     1>c:\users\hp\documents\visual studio 2010\projects\sortplus\sortplus\sortplus.cpp(260): warning C4102: 'level5' : unreferenced label
       ManifestResourceCompile:
         All outputs are up-to-date.
       Link:
         C:\Program Files\Microsoft Visual Studio 10.0\VC\bin\link.exe /ERRORREPORT:PROMPT /OUT:"C:\Users\Hp\documents\visual studio 2010\Projects\SortPlus\Debug\SortPlus.exe" /INCREMENTAL /NOLOGO kernel32.lib user32.lib gdi32.lib winspool.lib comdlg32.lib advapi32.lib shell32.lib ole32.lib oleaut32.lib uuid.lib odbc32.lib odbccp32.lib /MANIFEST /ManifestFile:"Debug\SortPlus.exe.intermediate.manifest" /MANIFESTUAC:"level='asInvoker' uiAccess='false'" /DEBUG /PDB:"C:\Users\Hp\documents\visual studio 2010\Projects\SortPlus\Debug\SortPlus.pdb" /SUBSYSTEM:CONSOLE /TLBID:1 /DYNAMICBASE /NXCOMPAT /IMPLIB:"C:\Users\Hp\documents\visual studio 2010\Projects\SortPlus\Debug\SortPlus.lib" /MACHINE:X86 Debug\SortPlus.exe.embed.manifest.res
         Debug\sortPlus.obj
       Manifest:
         C:\Program Files\Microsoft SDKs\Windows\v7.0A\bin\mt.exe /nologo /verbose /out:"Debug\SortPlus.exe.embed.manifest" /manifest Debug\SortPlus.exe.intermediate.manifest
         All outputs are up-to-date.
       LinkEmbedManifest:
         All outputs are up-to-date.
         SortPlus.vcxproj -> C:\Users\Hp\documents\visual studio 2010\Projects\SortPlus\Debug\SortPlus.exe
       FinalizeBuildStatus:
         Deleting file "Debug\SortPlus.unsuccessfulbuild".
         Touching "Debug\SortPlus.lastbuildstate".
     1>Done Building Project "C:\Users\Hp\documents\visual studio 2010\Projects\SortPlus\SortPlus\SortPlus.vcxproj" (build target(s)).

Build succeeded.

Time Elapsed 00:00:00.94
